::1 - - [13/Jul/2021:10:10:03 +0000] "GET /login/ HTTP/1.1" 200 264 "-" "PostmanRuntime/7.28.0"
::1 - - [13/Jul/2021:10:10:43 +0000] "GET /product/all HTTP/1.1" 200 45 "-" "PostmanRuntime/7.28.0"
::1 - - [14/Jul/2021:00:46:47 +0000] "GET /login/ HTTP/1.1" 200 264 "-" "PostmanRuntime/7.28.0"
::1 - - [14/Jul/2021:00:47:06 +0000] "GET /users/all HTTP/1.1" 200 186 "-" "PostmanRuntime/7.28.0"
::1 - - [14/Jul/2021:00:47:27 +0000] "PUT /users/update HTTP/1.1" 500 97 "-" "PostmanRuntime/7.28.0"
::1 - - [14/Jul/2021:00:47:39 +0000] "PUT /users/update HTTP/1.1" 201 70 "-" "PostmanRuntime/7.28.0"
::1 - - [14/Jul/2021:00:47:44 +0000] "GET /users/all HTTP/1.1" 200 185 "-" "PostmanRuntime/7.28.0"
::1 - - [14/Jul/2021:00:48:08 +0000] "GET /product/all HTTP/1.1" 200 45 "-" "PostmanRuntime/7.28.0"
::1 - - [14/Jul/2021:00:48:41 +0000] "GET /category/all HTTP/1.1" 200 258 "-" "PostmanRuntime/7.28.0"
::1 - - [14/Jul/2021:00:49:03 +0000] "POST /product/add HTTP/1.1" 500 64 "-" "PostmanRuntime/7.28.0"
::1 - - [14/Jul/2021:00:49:34 +0000] "POST /product/add HTTP/1.1" 201 69 "-" "PostmanRuntime/7.28.0"
::1 - - [14/Jul/2021:00:49:40 +0000] "GET /product/all HTTP/1.1" 200 430 "-" "PostmanRuntime/7.28.0"
::1 - - [14/Jul/2021:01:03:37 +0000] "POST /product/add HTTP/1.1" 201 69 "-" "PostmanRuntime/7.28.0"
::1 - - [14/Jul/2021:01:05:13 +0000] "POST /product/add HTTP/1.1" 201 69 "-" "PostmanRuntime/7.28.0"
::1 - - [14/Jul/2021:01:06:05 +0000] "POST /product/add HTTP/1.1" 201 69 "-" "PostmanRuntime/7.28.0"
::1 - - [14/Jul/2021:01:06:19 +0000] "GET /product/all HTTP/1.1" 200 1490 "-" "PostmanRuntime/7.28.0"
::1 - - [14/Jul/2021:01:07:21 +0000] "POST /product/add HTTP/1.1" 201 69 "-" "PostmanRuntime/7.28.0"
::1 - - [14/Jul/2021:01:07:27 +0000] "GET /product/all HTTP/1.1" 200 1868 "-" "PostmanRuntime/7.28.0"
::1 - - [14/Jul/2021:01:07:59 +0000] "DELETE /product/del/47 HTTP/1.1" 200 67 "-" "PostmanRuntime/7.28.0"
::1 - - [14/Jul/2021:01:08:03 +0000] "GET /product/all HTTP/1.1" 200 1490 "-" "PostmanRuntime/7.28.0"
::1 - - [14/Jul/2021:01:08:32 +0000] "GET /product/sort/name HTTP/1.1" 200 1490 "-" "PostmanRuntime/7.28.0"
::1 - - [14/Jul/2021:01:08:45 +0000] "GET /product/sort/date HTTP/1.1" 200 1490 "-" "PostmanRuntime/7.28.0"
::1 - - [14/Jul/2021:01:09:10 +0000] "GET /product/category/shoes HTTP/1.1" 404 92 "-" "PostmanRuntime/7.28.0"
::1 - - [14/Jul/2021:01:09:18 +0000] "GET /product/category/ HTTP/1.1" 404 92 "-" "PostmanRuntime/7.28.0"
::1 - - [14/Jul/2021:01:09:23 +0000] "GET /product/category/1 HTTP/1.1" 404 92 "-" "PostmanRuntime/7.28.0"
::1 - - [14/Jul/2021:01:10:09 +0000] "GET /product/sort/category/shoes HTTP/1.1" 200 76 "-" "PostmanRuntime/7.28.0"
::1 - - [14/Jul/2021:01:10:15 +0000] "GET /product/sort/category/shoe HTTP/1.1" 200 76 "-" "PostmanRuntime/7.28.0"
::1 - - [14/Jul/2021:01:10:23 +0000] "GET /product/sort/category/ HTTP/1.1" 404 92 "-" "PostmanRuntime/7.28.0"
::1 - - [14/Jul/2021:01:10:31 +0000] "GET /product/sort/category/sho HTTP/1.1" 200 76 "-" "PostmanRuntime/7.28.0"
::1 - - [14/Jul/2021:01:10:36 +0000] "GET /product/sort/category/Shoe HTTP/1.1" 200 76 "-" "PostmanRuntime/7.28.0"
::1 - - [14/Jul/2021:01:10:41 +0000] "GET /product/sort/category/1 HTTP/1.1" 200 76 "-" "PostmanRuntime/7.28.0"
::1 - - [14/Jul/2021:01:13:16 +0000] "GET /product/sort/category/shirt HTTP/1.1" 200 76 "-" "PostmanRuntime/7.28.0"
::1 - - [14/Jul/2021:01:13:48 +0000] "GET /product/sort/category/shirt HTTP/1.1" 200 76 "-" "PostmanRuntime/7.28.0"
::1 - - [14/Jul/2021:01:14:35 +0000] "GET /product/search?name_product=shirt HTTP/1.1" 200 75 "-" "PostmanRuntime/7.28.0"
::1 - - [14/Jul/2021:01:14:47 +0000] "GET /product/search?name_product=tib HTTP/1.1" 200 75 "-" "PostmanRuntime/7.28.0"
::1 - - [14/Jul/2021:01:24:35 +0000] "GET /product/sort/category/shirt HTTP/1.1" 200 76 "-" "PostmanRuntime/7.28.0"
::1 - - [14/Jul/2021:01:24:51 +0000] "GET /product/sort/category/shirt HTTP/1.1" 200 76 "-" "PostmanRuntime/7.28.0"
::1 - - [14/Jul/2021:01:31:15 +0000] "GET /product/search?name_product=tib HTTP/1.1" 500 109 "-" "PostmanRuntime/7.28.0"
::1 - - [14/Jul/2021:01:31:33 +0000] "GET /product/search?name_product=tib HTTP/1.1" 200 75 "-" "PostmanRuntime/7.28.0"
::1 - - [14/Jul/2021:01:32:35 +0000] "GET /product/search?name_product=tib HTTP/1.1" 200 283 "-" "PostmanRuntime/7.28.0"
::1 - - [14/Jul/2021:01:32:52 +0000] "GET /product/search?name_product= HTTP/1.1" 200 993 "-" "PostmanRuntime/7.28.0"
::1 - - [14/Jul/2021:01:32:58 +0000] "GET /product/search?name_product=asasa HTTP/1.1" 200 45 "-" "PostmanRuntime/7.28.0"
::1 - - [14/Jul/2021:01:33:04 +0000] "GET /product/search?name_product= HTTP/1.1" 200 993 "-" "PostmanRuntime/7.28.0"
::1 - - [14/Jul/2021:01:33:05 +0000] "GET /product/search?name_product= HTTP/1.1" 200 993 "-" "PostmanRuntime/7.28.0"
::1 - - [14/Jul/2021:01:33:28 +0000] "GET /product/search?name_product= HTTP/1.1" 500 212 "-" "PostmanRuntime/7.28.0"
::1 - - [14/Jul/2021:01:34:07 +0000] "GET /product/search?name_product= HTTP/1.1" 200 1794 "-" "PostmanRuntime/7.28.0"
::1 - - [14/Jul/2021:01:34:14 +0000] "GET /product/search?name_product=sneak HTTP/1.1" 200 474 "-" "PostmanRuntime/7.28.0"
::1 - - [14/Jul/2021:01:34:39 +0000] "GET /product/sort/price/asc HTTP/1.1" 401 65 "-" "PostmanRuntime/7.28.0"
::1 - - [14/Jul/2021:01:34:53 +0000] "GET /product/sort/price/asc HTTP/1.1" 200 1490 "-" "PostmanRuntime/7.28.0"
::1 - - [14/Jul/2021:01:35:13 +0000] "GET /product/sort/price/desc HTTP/1.1" 401 65 "-" "PostmanRuntime/7.28.0"
::1 - - [14/Jul/2021:01:35:18 +0000] "GET /product/sort/price/desc HTTP/1.1" 200 1490 "-" "PostmanRuntime/7.28.0"
::1 - - [14/Jul/2021:01:37:36 +0000] "GET /product/sort/price/desc HTTP/1.1" 200 1482 "-" "PostmanRuntime/7.28.0"
::1 - - [14/Jul/2021:01:37:48 +0000] "GET /product/sort/price/asc HTTP/1.1" 200 1482 "-" "PostmanRuntime/7.28.0"
::1 - - [14/Jul/2021:01:38:51 +0000] "GET /product/all HTTP/1.1" 200 1482 "-" "PostmanRuntime/7.28.0"
::1 - - [14/Jul/2021:01:39:13 +0000] "PUT /product/update HTTP/1.1" 201 72 "-" "PostmanRuntime/7.28.0"
::1 - - [14/Jul/2021:01:39:22 +0000] "GET /category/all HTTP/1.1" 200 258 "-" "PostmanRuntime/7.28.0"
::1 - - [14/Jul/2021:01:39:37 +0000] "GET /bag/all HTTP/1.1" 401 65 "-" "PostmanRuntime/7.28.0"
::1 - - [14/Jul/2021:01:39:43 +0000] "GET /bag/all HTTP/1.1" 401 65 "-" "PostmanRuntime/7.28.0"
::1 - - [14/Jul/2021:01:39:49 +0000] "GET /bag/all HTTP/1.1" 401 101 "-" "PostmanRuntime/7.28.0"
::1 - - [14/Jul/2021:01:43:51 +0000] "PUT /users/update HTTP/1.1" 201 70 "-" "PostmanRuntime/7.28.0"
::1 - - [14/Jul/2021:01:43:55 +0000] "GET /bag/all HTTP/1.1" 401 101 "-" "PostmanRuntime/7.28.0"
::1 - - [14/Jul/2021:01:44:00 +0000] "GET /bag/all HTTP/1.1" 401 101 "-" "PostmanRuntime/7.28.0"
::1 - - [14/Jul/2021:01:44:05 +0000] "GET /users/all HTTP/1.1" 200 186 "-" "PostmanRuntime/7.28.0"
::1 - - [14/Jul/2021:01:44:10 +0000] "GET /bag/all HTTP/1.1" 401 101 "-" "PostmanRuntime/7.28.0"
::1 - - [14/Jul/2021:01:44:16 +0000] "GET /login/ HTTP/1.1" 200 265 "-" "PostmanRuntime/7.28.0"
::1 - - [14/Jul/2021:01:44:25 +0000] "GET /bag/all HTTP/1.1" 500 93 "-" "PostmanRuntime/7.28.0"
::1 - - [14/Jul/2021:01:49:10 +0000] "GET /bag/all HTTP/1.1" 200 45 "-" "PostmanRuntime/7.28.0"
::1 - - [14/Jul/2021:01:49:23 +0000] "GET /product/all HTTP/1.1" 401 144 "-" "PostmanRuntime/7.28.0"
::1 - - [14/Jul/2021:01:49:41 +0000] "GET /product/all HTTP/1.1" 200 1482 "-" "PostmanRuntime/7.28.0"
::1 - - [14/Jul/2021:01:49:49 +0000] "POST /bag/add HTTP/1.1" 401 65 "-" "PostmanRuntime/7.28.0"
::1 - - [14/Jul/2021:01:50:01 +0000] "POST /bag/add HTTP/1.1" 200 71 "-" "PostmanRuntime/7.28.0"
::1 - - [14/Jul/2021:01:50:04 +0000] "GET /bag/all HTTP/1.1" 200 342 "-" "PostmanRuntime/7.28.0"
::1 - - [14/Jul/2021:01:50:24 +0000] "PUT /bag/update HTTP/1.1" 401 65 "-" "PostmanRuntime/7.28.0"
::1 - - [14/Jul/2021:01:50:33 +0000] "PUT /bag/update HTTP/1.1" 201 79 "-" "PostmanRuntime/7.28.0"
::1 - - [14/Jul/2021:01:50:37 +0000] "GET /bag/all HTTP/1.1" 200 342 "-" "PostmanRuntime/7.28.0"
::1 - - [14/Jul/2021:01:51:09 +0000] "DELETE /bag/del/20 HTTP/1.1" 401 65 "-" "PostmanRuntime/7.28.0"
::1 - - [14/Jul/2021:01:51:19 +0000] "DELETE /bag/del/20 HTTP/1.1" 200 74 "-" "PostmanRuntime/7.28.0"
::1 - - [14/Jul/2021:01:51:24 +0000] "GET /bag/all HTTP/1.1" 200 45 "-" "PostmanRuntime/7.28.0"
::1 - - [14/Jul/2021:01:51:31 +0000] "GET /product/all HTTP/1.1" 200 1482 "-" "PostmanRuntime/7.28.0"
::1 - - [14/Jul/2021:01:51:33 +0000] "GET /product/all HTTP/1.1" 200 1482 "-" "PostmanRuntime/7.28.0"
::1 - - [14/Jul/2021:01:51:34 +0000] "GET /product/all HTTP/1.1" 200 1482 "-" "PostmanRuntime/7.28.0"
::1 - - [14/Jul/2021:01:51:35 +0000] "GET /product/all HTTP/1.1" 200 1482 "-" "PostmanRuntime/7.28.0"
::1 - - [14/Jul/2021:01:51:37 +0000] "GET /product/all HTTP/1.1" 200 1482 "-" "PostmanRuntime/7.28.0"
::1 - - [14/Jul/2021:01:51:39 +0000] "GET /product/all HTTP/1.1" 200 1482 "-" "PostmanRuntime/7.28.0"
::1 - - [14/Jul/2021:01:51:41 +0000] "GET /product/all HTTP/1.1" 200 1482 "-" "PostmanRuntime/7.28.0"
::1 - - [14/Jul/2021:01:51:42 +0000] "GET /product/all HTTP/1.1" 200 1482 "-" "PostmanRuntime/7.28.0"
::1 - - [14/Jul/2021:01:51:44 +0000] "GET /product/all HTTP/1.1" 200 1482 "-" "PostmanRuntime/7.28.0"
::1 - - [14/Jul/2021:03:17:59 +0000] "POST /users/add HTTP/1.1" 200 62 "-" "PostmanRuntime/7.28.0"
::1 - - [14/Jul/2021:03:18:21 +0000] "GET /users/all HTTP/1.1" 401 144 "-" "PostmanRuntime/7.28.0"
::1 - - [14/Jul/2021:03:18:35 +0000] "GET /login/ HTTP/1.1" 200 264 "-" "PostmanRuntime/7.28.0"
::1 - - [14/Jul/2021:03:18:49 +0000] "GET /users/all HTTP/1.1" 200 327 "-" "PostmanRuntime/7.28.0"
::1 - - [14/Jul/2021:03:19:57 +0000] "PUT /users/update HTTP/1.1" 201 70 "-" "PostmanRuntime/7.28.0"
::1 - - [14/Jul/2021:03:20:11 +0000] "GET /users/all HTTP/1.1" 200 328 "-" "PostmanRuntime/7.28.0"
::1 - - [14/Jul/2021:03:20:59 +0000] "DELETE /users/del?username=user4 HTTP/1.1" 200 65 "-" "PostmanRuntime/7.28.0"
::1 - - [14/Jul/2021:03:21:03 +0000] "GET /users/all HTTP/1.1" 200 186 "-" "PostmanRuntime/7.28.0"
::1 - - [14/Jul/2021:03:21:41 +0000] "GET /product/all HTTP/1.1" 200 1482 "-" "PostmanRuntime/7.28.0"
::1 - - [14/Jul/2021:03:21:50 +0000] "GET /product/all HTTP/1.1" 200 1482 "-" "PostmanRuntime/7.28.0"
::1 - - [14/Jul/2021:03:21:55 +0000] "GET /product/all HTTP/1.1" 200 1482 "-" "PostmanRuntime/7.28.0"
::1 - - [14/Jul/2021:03:22:08 +0000] "GET /product/all HTTP/1.1" 200 1482 "-" "PostmanRuntime/7.28.0"
::1 - - [14/Jul/2021:03:22:16 +0000] "GET /product/all HTTP/1.1" 200 1482 "-" "PostmanRuntime/7.28.0"
::1 - - [14/Jul/2021:03:22:35 +0000] "GET /product/sort/name HTTP/1.1" 200 1482 "-" "PostmanRuntime/7.28.0"
::1 - - [14/Jul/2021:03:23:36 +0000] "POST /product/add HTTP/1.1" 201 69 "-" "PostmanRuntime/7.28.0"
::1 - - [14/Jul/2021:03:23:54 +0000] "GET /product/all HTTP/1.1" 200 1858 "-" "PostmanRuntime/7.28.0"
::1 - - [14/Jul/2021:03:24:23 +0000] "PUT /product/update HTTP/1.1" 401 144 "-" "PostmanRuntime/7.28.0"
::1 - - [14/Jul/2021:03:24:30 +0000] "PUT /product/update HTTP/1.1" 201 72 "-" "PostmanRuntime/7.28.0"
::1 - - [14/Jul/2021:03:24:37 +0000] "GET /product/all HTTP/1.1" 200 1858 "-" "PostmanRuntime/7.28.0"
::1 - - [14/Jul/2021:03:24:59 +0000] "PUT /product/update HTTP/1.1" 201 72 "-" "PostmanRuntime/7.28.0"
::1 - - [14/Jul/2021:03:25:04 +0000] "GET /product/all HTTP/1.1" 200 1858 "-" "PostmanRuntime/7.28.0"
::1 - - [14/Jul/2021:03:25:24 +0000] "DELETE /product/del/48 HTTP/1.1" 200 67 "-" "PostmanRuntime/7.28.0"
::1 - - [14/Jul/2021:03:25:28 +0000] "GET /product/all HTTP/1.1" 200 1482 "-" "PostmanRuntime/7.28.0"
::1 - - [14/Jul/2021:03:25:49 +0000] "GET /bag/all HTTP/1.1" 401 101 "-" "PostmanRuntime/7.28.0"
::1 - - [14/Jul/2021:03:26:08 +0000] "PUT /users/update HTTP/1.1" 500 97 "-" "PostmanRuntime/7.28.0"
::1 - - [14/Jul/2021:03:26:23 +0000] "PUT /users/update HTTP/1.1" 201 70 "-" "PostmanRuntime/7.28.0"
::1 - - [14/Jul/2021:03:26:36 +0000] "GET /login/ HTTP/1.1" 200 265 "-" "PostmanRuntime/7.28.0"
::1 - - [14/Jul/2021:03:26:48 +0000] "GET /bag/all HTTP/1.1" 200 45 "-" "PostmanRuntime/7.28.0"
::1 - - [14/Jul/2021:03:27:03 +0000] "POST /bag/add HTTP/1.1" 200 71 "-" "PostmanRuntime/7.28.0"
::1 - - [14/Jul/2021:03:27:08 +0000] "GET /bag/all HTTP/1.1" 200 342 "-" "PostmanRuntime/7.28.0"
::1 - - [14/Jul/2021:03:27:30 +0000] "PUT /bag/update HTTP/1.1" 201 79 "-" "PostmanRuntime/7.28.0"
::1 - - [14/Jul/2021:03:27:34 +0000] "GET /bag/all HTTP/1.1" 200 342 "-" "PostmanRuntime/7.28.0"
::1 - - [14/Jul/2021:03:27:53 +0000] "DELETE /bag/del/21 HTTP/1.1" 200 74 "-" "PostmanRuntime/7.28.0"
